TN:
SF:app\index.js
FNF:0
FNH:0
DA:1,1
DA:2,1
DA:3,1
DA:4,1
DA:5,1
DA:6,1
DA:7,1
DA:8,1
DA:9,1
DA:10,1
DA:11,1
DA:12,1
DA:13,1
DA:14,1
DA:15,1
DA:16,1
DA:17,1
DA:18,1
DA:19,1
DA:20,1
DA:21,1
DA:22,1
DA:23,1
DA:24,1
DA:25,1
LF:25
LH:25
BRF:0
BRH:0
end_of_record
TN:
SF:app\controllers\index.js
FNF:0
FNH:0
DA:1,1
DA:2,1
DA:3,1
DA:4,1
DA:5,1
LF:5
LH:5
BRF:0
BRH:0
end_of_record
TN:
SF:app\controllers\api\index.js
FNF:0
FNH:0
DA:1,1
DA:2,1
DA:3,1
DA:4,1
DA:5,1
LF:5
LH:5
BRF:0
BRH:0
end_of_record
TN:
SF:app\controllers\api\v1\buyController.js
FN:6,buyProduct
FNF:1
FNH:0
FNDA:0,buyProduct
DA:1,1
DA:2,1
DA:3,1
DA:4,1
DA:5,1
DA:6,1
DA:7,0
DA:8,0
DA:9,0
DA:10,0
DA:11,0
DA:12,0
DA:13,0
DA:14,0
DA:15,0
DA:16,0
DA:17,0
DA:18,0
DA:19,0
DA:20,0
DA:21,0
DA:22,0
DA:23,0
DA:24,0
DA:25,0
DA:26,0
DA:27,0
DA:28,0
DA:29,0
DA:30,0
DA:31,0
DA:32,0
DA:33,0
DA:34,0
DA:35,0
DA:36,0
DA:37,0
DA:38,0
DA:39,0
DA:40,0
DA:41,0
DA:42,0
DA:43,0
DA:44,0
DA:45,0
DA:46,0
DA:47,0
DA:48,0
DA:49,0
DA:50,0
DA:51,0
DA:52,1
LF:52
LH:7
BRF:0
BRH:0
end_of_record
TN:
SF:app\controllers\api\v1\historyController.js
FN:4,getProductBid
FNF:1
FNH:0
FNDA:0,getProductBid
DA:1,1
DA:2,1
DA:3,1
DA:4,1
DA:5,0
DA:6,0
DA:7,0
DA:8,0
DA:9,0
DA:10,0
DA:11,0
DA:12,0
DA:13,0
DA:14,0
DA:15,0
DA:16,0
DA:17,0
DA:18,0
DA:19,1
LF:19
LH:5
BRF:0
BRH:0
end_of_record
TN:
SF:app\controllers\api\v1\index.js
FNF:0
FNH:0
DA:1,1
DA:2,1
DA:3,1
DA:4,1
DA:5,1
DA:6,1
DA:7,1
DA:8,1
DA:9,1
DA:10,1
DA:11,1
DA:12,1
DA:13,1
LF:13
LH:13
BRF:0
BRH:0
end_of_record
TN:
SF:app\controllers\api\v1\likeController.js
FN:4,likeProduct
FNF:1
FNH:0
FNDA:0,likeProduct
DA:1,1
DA:2,1
DA:3,1
DA:4,1
DA:5,0
DA:6,0
DA:7,0
DA:8,0
DA:9,0
DA:10,0
DA:11,0
DA:12,0
DA:13,0
DA:14,0
DA:15,0
DA:16,0
DA:17,0
DA:18,0
DA:19,0
DA:20,0
DA:21,0
DA:22,0
DA:23,0
DA:24,0
DA:25,0
DA:26,0
DA:27,0
DA:28,0
DA:29,0
DA:30,0
DA:31,0
DA:32,0
DA:33,0
DA:34,0
DA:35,0
DA:36,0
DA:37,0
DA:38,0
DA:39,0
DA:40,0
DA:41,0
DA:42,0
DA:43,0
DA:44,0
DA:45,0
DA:46,0
DA:47,0
DA:48,0
DA:49,0
DA:50,0
DA:51,0
DA:52,0
DA:53,0
DA:54,0
DA:55,0
DA:56,0
DA:57,0
DA:58,0
DA:59,0
DA:60,0
DA:61,0
DA:62,0
DA:63,0
DA:64,0
DA:65,0
DA:66,0
DA:67,0
DA:68,0
DA:69,0
DA:70,0
DA:71,0
DA:72,1
LF:72
LH:5
BRF:0
BRH:0
end_of_record
TN:
SF:app\controllers\api\v1\productController.js
FN:5,createProducts
FN:34,updateProducts
FN:69,deletedProducts
FN:92,listProductsUsers
FN:111,sortingProductsSellerLike
FN:127,listProductsSellerSold
FN:144,listAllProducts
FN:163,listProductByCategories
FN:182,listProductsBuyerLike
FN:199,findOneProduct
FNF:10
FNH:1
FNDA:0,createProducts
FNDA:0,updateProducts
FNDA:0,deletedProducts
FNDA:0,listProductsUsers
FNDA:0,sortingProductsSellerLike
FNDA:0,listProductsSellerSold
FNDA:0,listAllProducts
FNDA:0,listProductByCategories
FNDA:0,listProductsBuyerLike
FNDA:2,findOneProduct
DA:1,1
DA:2,1
DA:3,1
DA:4,1
DA:5,1
DA:6,0
DA:7,0
DA:8,0
DA:9,0
DA:10,0
DA:11,0
DA:12,0
DA:13,0
DA:14,0
DA:15,0
DA:16,0
DA:17,0
DA:18,0
DA:19,0
DA:20,0
DA:21,0
DA:22,0
DA:23,0
DA:24,0
DA:25,0
DA:26,0
DA:27,0
DA:28,0
DA:29,0
DA:30,0
DA:31,0
DA:32,0
DA:33,1
DA:34,1
DA:35,0
DA:36,0
DA:37,0
DA:38,0
DA:39,0
DA:40,0
DA:41,0
DA:42,0
DA:43,0
DA:44,0
DA:45,0
DA:46,0
DA:47,0
DA:48,0
DA:49,0
DA:50,0
DA:51,0
DA:52,0
DA:53,0
DA:54,0
DA:55,0
DA:56,0
DA:57,0
DA:58,0
DA:59,0
DA:60,0
DA:61,0
DA:62,0
DA:63,0
DA:64,0
DA:65,0
DA:66,0
DA:67,0
DA:68,1
DA:69,1
DA:70,0
DA:71,0
DA:72,0
DA:73,0
DA:74,0
DA:75,0
DA:76,0
DA:77,0
DA:78,0
DA:79,0
DA:80,0
DA:81,0
DA:82,0
DA:83,0
DA:84,0
DA:85,0
DA:86,0
DA:87,0
DA:88,0
DA:89,0
DA:90,0
DA:91,1
DA:92,1
DA:93,0
DA:94,0
DA:95,0
DA:96,0
DA:97,0
DA:98,0
DA:99,0
DA:100,0
DA:101,0
DA:102,0
DA:103,0
DA:104,0
DA:105,0
DA:106,0
DA:107,0
DA:108,0
DA:109,0
DA:110,1
DA:111,1
DA:112,0
DA:113,0
DA:114,0
DA:115,0
DA:116,0
DA:117,0
DA:118,0
DA:119,0
DA:120,0
DA:121,0
DA:122,0
DA:123,0
DA:124,0
DA:125,0
DA:126,1
DA:127,1
DA:128,0
DA:129,0
DA:130,0
DA:131,0
DA:132,0
DA:133,0
DA:134,0
DA:135,0
DA:136,0
DA:137,0
DA:138,0
DA:139,0
DA:140,0
DA:141,0
DA:142,1
DA:143,1
DA:144,1
DA:145,0
DA:146,0
DA:147,0
DA:148,0
DA:149,0
DA:150,0
DA:151,0
DA:152,0
DA:153,0
DA:154,0
DA:155,0
DA:156,0
DA:157,0
DA:158,0
DA:159,0
DA:160,0
DA:161,0
DA:162,1
DA:163,1
DA:164,0
DA:165,0
DA:166,0
DA:167,0
DA:168,0
DA:169,0
DA:170,0
DA:171,0
DA:172,0
DA:173,0
DA:174,0
DA:175,0
DA:176,0
DA:177,0
DA:178,0
DA:179,0
DA:180,0
DA:181,1
DA:182,1
DA:183,0
DA:184,0
DA:185,0
DA:186,0
DA:187,0
DA:188,0
DA:189,0
DA:190,0
DA:191,0
DA:192,0
DA:193,0
DA:194,0
DA:195,0
DA:196,0
DA:197,1
DA:198,1
DA:199,1
DA:200,2
DA:201,2
DA:202,1
DA:203,1
DA:204,1
DA:205,1
DA:206,1
DA:207,1
DA:208,1
DA:209,1
DA:210,1
DA:211,1
DA:212,1
DA:213,1
DA:214,1
DA:215,1
DA:216,0
DA:217,0
DA:218,0
DA:219,0
DA:220,0
DA:221,1
DA:222,1
LF:222
LH:43
BRDA:199,0,0,2
BRDA:201,1,0,1
BRDA:209,2,0,1
BRF:3
BRH:3
end_of_record
TN:
SF:app\controllers\api\v1\userController.js
FN:5,authorize
FN:20,postRegister
FN:35,postLogin
FN:46,postProfile
FN:77,whoAmI
FNF:5
FNH:2
FNDA:2,authorize
FNDA:0,postRegister
FNDA:1,postLogin
FNDA:0,postProfile
FNDA:0,whoAmI
DA:1,1
DA:2,1
DA:3,1
DA:4,1
DA:5,1
DA:6,2
DA:7,2
DA:8,0
DA:9,0
DA:10,2
DA:11,2
DA:12,2
DA:13,2
DA:14,2
DA:15,0
DA:16,0
DA:17,0
DA:18,0
DA:19,2
DA:20,1
DA:21,0
DA:22,0
DA:23,0
DA:24,0
DA:25,0
DA:26,0
DA:27,0
DA:28,0
DA:29,0
DA:30,0
DA:31,0
DA:32,0
DA:33,0
DA:34,1
DA:35,1
DA:36,1
DA:37,1
DA:38,1
DA:39,1
DA:40,0
DA:41,0
DA:42,0
DA:43,0
DA:44,1
DA:45,1
DA:46,1
DA:47,0
DA:48,0
DA:49,0
DA:50,0
DA:51,0
DA:52,0
DA:53,0
DA:54,0
DA:55,0
DA:56,0
DA:57,0
DA:58,0
DA:59,0
DA:60,0
DA:61,0
DA:62,0
DA:63,0
DA:64,0
DA:65,0
DA:66,0
DA:67,0
DA:68,0
DA:69,0
DA:70,0
DA:71,0
DA:72,0
DA:73,0
DA:74,0
DA:75,0
DA:76,1
DA:77,1
DA:78,0
DA:79,0
DA:80,0
DA:81,0
DA:82,0
DA:83,0
DA:84,0
DA:85,0
DA:86,0
DA:87,0
DA:88,0
DA:89,0
DA:90,0
DA:91,1
LF:91
LH:26
BRDA:5,0,0,2
BRDA:7,1,0,0
BRDA:14,2,0,0
BRDA:35,3,0,1
BRDA:39,4,0,0
BRF:5
BRH:2
end_of_record
TN:
SF:app\middlewares\authentication.js
FN:7,authorize
FNF:1
FNH:1
FNDA:2,authorize
DA:1,1
DA:2,1
DA:3,1
DA:4,1
DA:5,1
DA:6,1
DA:7,1
DA:8,2
DA:9,2
DA:10,2
DA:11,2
DA:12,2
DA:13,2
DA:14,2
DA:15,2
DA:16,2
DA:17,2
DA:18,2
DA:19,2
DA:20,0
DA:21,0
DA:22,2
DA:23,1
LF:23
LH:21
BRDA:7,0,0,2
BRDA:9,1,0,0
BRDA:19,2,0,0
BRF:3
BRH:1
end_of_record
TN:
SF:app\middlewares\credentialBuyer.js
FN:4,checkUserRole
FNF:1
FNH:1
FNDA:2,checkUserRole
DA:1,1
DA:2,1
DA:3,1
DA:4,1
DA:5,2
DA:6,2
DA:7,2
DA:8,2
DA:9,2
DA:10,2
DA:11,2
DA:12,2
DA:13,2
DA:14,2
DA:15,2
DA:16,0
DA:17,0
DA:18,0
DA:19,0
DA:20,0
DA:21,0
DA:22,0
DA:23,2
DA:24,0
DA:25,0
DA:26,0
DA:27,0
DA:28,0
DA:29,2
DA:30,1
LF:30
LH:18
BRDA:4,0,0,2
BRDA:15,1,0,0
BRDA:23,2,0,0
BRF:3
BRH:1
end_of_record
TN:
SF:app\middlewares\credentialSeller.js
FN:4,checkUserRole
FNF:1
FNH:0
FNDA:0,checkUserRole
DA:1,1
DA:2,1
DA:3,1
DA:4,1
DA:5,0
DA:6,0
DA:7,0
DA:8,0
DA:9,0
DA:10,0
DA:11,0
DA:12,0
DA:13,0
DA:14,0
DA:15,0
DA:16,0
DA:17,0
DA:18,0
DA:19,0
DA:20,0
DA:21,0
DA:22,0
DA:23,0
DA:24,0
DA:25,0
DA:26,0
DA:27,0
DA:28,0
DA:29,0
DA:30,0
DA:31,1
LF:31
LH:5
BRF:0
BRH:0
end_of_record
TN:
SF:app\middlewares\index.js
FNF:0
FNH:0
DA:1,1
DA:2,1
DA:3,1
DA:4,1
DA:5,1
DA:6,1
DA:7,1
DA:8,1
DA:9,1
DA:10,1
DA:11,1
DA:12,1
DA:13,1
LF:13
LH:13
BRF:0
BRH:0
end_of_record
TN:
SF:app\middlewares\uploader.js
FN:5,upload
FNF:1
FNH:0
FNDA:0,upload
DA:1,1
DA:2,1
DA:3,1
DA:4,1
DA:5,1
DA:6,0
DA:7,0
DA:8,0
DA:9,0
DA:10,0
DA:11,0
DA:12,0
DA:13,0
DA:14,0
DA:15,0
DA:16,0
DA:17,0
DA:18,0
DA:19,0
DA:20,0
DA:21,0
DA:22,0
DA:23,0
DA:24,0
DA:25,1
LF:25
LH:6
BRF:0
BRH:0
end_of_record
TN:
SF:app\middlewares\uploudOnMemory.js
FNF:0
FNH:0
DA:1,1
DA:2,1
DA:3,1
DA:4,1
DA:5,1
DA:6,1
LF:6
LH:6
BRF:0
BRH:0
end_of_record
TN:
SF:app\models\history.js
FN:5,Object.<anonymous>.module.exports
FN:12,associate
FNF:2
FNH:2
FNDA:1,Object.<anonymous>.module.exports
FNDA:1,associate
DA:1,1
DA:2,1
DA:3,1
DA:4,1
DA:5,1
DA:6,1
DA:7,1
DA:8,1
DA:9,1
DA:10,1
DA:11,1
DA:12,1
DA:13,1
DA:14,1
DA:15,1
DA:16,1
DA:17,1
DA:18,1
DA:19,1
DA:20,1
DA:21,1
DA:22,1
DA:23,1
DA:24,1
DA:25,1
DA:26,1
DA:27,1
DA:28,1
DA:29,1
DA:30,1
DA:31,1
DA:32,1
DA:33,1
DA:34,1
DA:35,1
LF:35
LH:35
BRDA:5,0,0,1
BRDA:12,1,0,1
BRF:2
BRH:2
end_of_record
TN:
SF:app\models\index.js
FNF:0
FNH:0
DA:1,1
DA:2,1
DA:3,1
DA:4,1
DA:5,1
DA:6,1
DA:7,1
DA:8,1
DA:9,1
DA:10,1
DA:11,1
DA:12,0
DA:13,1
DA:14,1
DA:15,1
DA:16,1
DA:17,1
DA:18,1
DA:19,1
DA:20,1
DA:21,5
DA:22,5
DA:23,5
DA:24,1
DA:25,1
DA:26,5
DA:27,5
DA:28,5
DA:29,5
DA:30,1
DA:31,1
DA:32,1
DA:33,1
DA:34,1
LF:34
LH:33
BRDA:6,0,0,0
BRDA:11,1,0,0
BRDA:19,2,0,6
BRDA:19,3,0,5
BRDA:20,4,0,5
BRDA:25,5,0,5
BRF:6
BRH:4
end_of_record
TN:
SF:app\models\like.js
FN:5,Object.<anonymous>.module.exports
FN:12,associate
FNF:2
FNH:2
FNDA:1,Object.<anonymous>.module.exports
FNDA:1,associate
DA:1,1
DA:2,1
DA:3,1
DA:4,1
DA:5,1
DA:6,1
DA:7,1
DA:8,1
DA:9,1
DA:10,1
DA:11,1
DA:12,1
DA:13,1
DA:14,1
DA:15,1
DA:16,1
DA:17,1
DA:18,1
DA:19,1
DA:20,1
DA:21,1
DA:22,1
DA:23,1
DA:24,1
DA:25,1
DA:26,1
DA:27,1
DA:28,1
DA:29,1
DA:30,1
DA:31,1
DA:32,1
DA:33,1
DA:34,1
LF:34
LH:34
BRDA:5,0,0,1
BRDA:12,1,0,1
BRF:2
BRH:2
end_of_record
TN:
SF:app\models\products.js
FN:5,Object.<anonymous>.module.exports
FN:12,associate
FNF:2
FNH:2
FNDA:1,Object.<anonymous>.module.exports
FNDA:1,associate
DA:1,1
DA:2,1
DA:3,1
DA:4,1
DA:5,1
DA:6,1
DA:7,1
DA:8,1
DA:9,1
DA:10,1
DA:11,1
DA:12,1
DA:13,1
DA:14,1
DA:15,1
DA:16,1
DA:17,1
DA:18,1
DA:19,1
DA:20,1
DA:21,1
DA:22,1
DA:23,1
DA:24,1
DA:25,1
DA:26,1
DA:27,1
DA:28,1
DA:29,1
DA:30,1
DA:31,1
DA:32,1
DA:33,1
DA:34,1
DA:35,1
DA:36,1
DA:37,1
DA:38,1
DA:39,1
DA:40,1
DA:41,1
DA:42,1
DA:43,1
DA:44,1
DA:45,1
DA:46,1
DA:47,1
LF:47
LH:47
BRDA:5,0,0,1
BRDA:12,1,0,1
BRF:2
BRH:2
end_of_record
TN:
SF:app\models\purchase.js
FN:5,Object.<anonymous>.module.exports
FN:12,associate
FNF:2
FNH:2
FNDA:1,Object.<anonymous>.module.exports
FNDA:1,associate
DA:1,1
DA:2,1
DA:3,1
DA:4,1
DA:5,1
DA:6,1
DA:7,1
DA:8,1
DA:9,1
DA:10,1
DA:11,1
DA:12,1
DA:13,1
DA:14,1
DA:15,1
DA:16,1
DA:17,1
DA:18,1
DA:19,1
DA:20,1
DA:21,1
DA:22,1
DA:23,1
DA:24,1
DA:25,1
DA:26,1
DA:27,1
DA:28,1
DA:29,1
DA:30,1
DA:31,1
DA:32,1
DA:33,1
DA:34,1
DA:35,1
DA:36,1
LF:36
LH:36
BRDA:5,0,0,1
BRDA:12,1,0,1
BRF:2
BRH:2
end_of_record
TN:
SF:app\models\users.js
FN:5,Object.<anonymous>.module.exports
FN:12,associate
FNF:2
FNH:2
FNDA:1,Object.<anonymous>.module.exports
FNDA:1,associate
DA:1,1
DA:2,1
DA:3,1
DA:4,1
DA:5,1
DA:6,1
DA:7,1
DA:8,1
DA:9,1
DA:10,1
DA:11,1
DA:12,1
DA:13,1
DA:14,1
DA:15,1
DA:16,1
DA:17,1
DA:18,1
DA:19,1
DA:20,1
DA:21,1
DA:22,1
DA:23,1
DA:24,1
DA:25,1
DA:26,1
DA:27,1
DA:28,1
DA:29,1
DA:30,1
DA:31,1
DA:32,1
DA:33,1
DA:34,1
DA:35,1
DA:36,1
DA:37,1
DA:38,1
DA:39,1
DA:40,1
DA:41,1
DA:42,1
DA:43,1
DA:44,1
DA:45,1
DA:46,1
DA:47,1
LF:47
LH:47
BRDA:5,0,0,1
BRDA:12,1,0,1
BRF:2
BRH:2
end_of_record
TN:
SF:app\repositories\index.js
FNF:0
FNH:0
DA:1,1
DA:2,1
DA:3,1
DA:4,1
DA:5,1
DA:6,1
DA:7,1
LF:7
LH:7
BRF:0
BRH:0
end_of_record
TN:
SF:app\repositories\userRepository.js
FN:4,create
FNF:1
FNH:0
FNDA:0,create
DA:1,1
DA:2,1
DA:3,1
DA:4,1
DA:5,0
DA:6,0
DA:7,1
LF:7
LH:5
BRF:0
BRH:0
end_of_record
TN:
SF:app\repositories\api\index.js
FNF:0
FNH:0
DA:1,1
DA:2,1
DA:3,1
DA:4,1
DA:5,1
LF:5
LH:5
BRF:0
BRH:0
end_of_record
TN:
SF:app\repositories\api\v1\buyRepository.js
FN:4,buyProduct
FN:7,historyCreated
FN:10,findAllPurchase
FN:23,deletePurchase
FNF:4
FNH:0
FNDA:0,buyProduct
FNDA:0,historyCreated
FNDA:0,findAllPurchase
FNDA:0,deletePurchase
DA:1,1
DA:2,1
DA:3,1
DA:4,1
DA:5,0
DA:6,0
DA:7,1
DA:8,0
DA:9,0
DA:10,1
DA:11,0
DA:12,0
DA:13,0
DA:14,0
DA:15,0
DA:16,0
DA:17,0
DA:18,0
DA:19,0
DA:20,0
DA:21,0
DA:22,0
DA:23,1
DA:24,0
DA:25,0
DA:26,0
DA:27,0
DA:28,0
DA:29,0
DA:30,0
DA:31,1
LF:31
LH:8
BRF:0
BRH:0
end_of_record
TN:
SF:app\repositories\api\v1\historyRepository.js
FN:6,findBidProductSeller
FNF:1
FNH:0
FNDA:0,findBidProductSeller
DA:1,1
DA:2,1
DA:3,1
DA:4,1
DA:5,1
DA:6,1
DA:7,0
DA:8,0
DA:9,0
DA:10,0
DA:11,0
DA:12,0
DA:13,0
DA:14,0
DA:15,0
DA:16,0
DA:17,0
DA:18,0
DA:19,1
LF:19
LH:7
BRF:0
BRH:0
end_of_record
TN:
SF:app\repositories\api\v1\index.js
FNF:0
FNH:0
DA:1,1
DA:2,1
DA:3,1
DA:4,1
DA:5,1
DA:6,1
DA:7,1
DA:8,1
DA:9,1
DA:10,1
DA:11,1
LF:11
LH:11
BRF:0
BRH:0
end_of_record
TN:
SF:app\repositories\api\v1\productRepository.js
FN:4,addProduct
FN:8,findAll
FN:12,getProduct
FN:26,getTotalProduct
FN:30,getTotalProductByCategory
FN:38,getTotalProductsUsers
FN:46,findByCategory
FN:54,findProductsUsers
FN:62,findProducts
FN:73,findProductsSold
FN:82,findProductsLike
FN:93,updateProducts
FN:101,isDeletedProducts
FNF:13
FNH:1
FNDA:0,addProduct
FNDA:0,findAll
FNDA:3,getProduct
FNDA:0,getTotalProduct
FNDA:0,getTotalProductByCategory
FNDA:0,getTotalProductsUsers
FNDA:0,findByCategory
FNDA:0,findProductsUsers
FNDA:0,findProducts
FNDA:0,findProductsSold
FNDA:0,findProductsLike
FNDA:0,updateProducts
FNDA:0,isDeletedProducts
DA:1,1
DA:2,1
DA:3,1
DA:4,1
DA:5,0
DA:6,0
DA:7,1
DA:8,1
DA:9,0
DA:10,0
DA:11,1
DA:12,1
DA:13,3
DA:14,3
DA:15,3
DA:16,3
DA:17,3
DA:18,3
DA:19,3
DA:20,3
DA:21,3
DA:22,3
DA:23,3
DA:24,3
DA:25,1
DA:26,1
DA:27,0
DA:28,0
DA:29,1
DA:30,1
DA:31,0
DA:32,0
DA:33,0
DA:34,0
DA:35,0
DA:36,0
DA:37,1
DA:38,1
DA:39,0
DA:40,0
DA:41,0
DA:42,0
DA:43,0
DA:44,0
DA:45,1
DA:46,1
DA:47,0
DA:48,0
DA:49,0
DA:50,0
DA:51,0
DA:52,0
DA:53,1
DA:54,1
DA:55,0
DA:56,0
DA:57,0
DA:58,0
DA:59,0
DA:60,0
DA:61,1
DA:62,1
DA:63,0
DA:64,0
DA:65,0
DA:66,0
DA:67,0
DA:68,0
DA:69,0
DA:70,0
DA:71,0
DA:72,1
DA:73,1
DA:74,0
DA:75,0
DA:76,0
DA:77,0
DA:78,0
DA:79,0
DA:80,0
DA:81,1
DA:82,1
DA:83,0
DA:84,0
DA:85,0
DA:86,0
DA:87,0
DA:88,0
DA:89,0
DA:90,0
DA:91,0
DA:92,1
DA:93,1
DA:94,0
DA:95,0
DA:96,0
DA:97,0
DA:98,0
DA:99,0
DA:100,1
DA:101,1
DA:102,0
DA:103,0
DA:104,0
DA:105,0
DA:106,0
DA:107,0
DA:108,1
LF:108
LH:41
BRDA:12,0,0,3
BRF:1
BRH:1
end_of_record
TN:
SF:app\repositories\api\v1\userRepository.js
FN:4,findByName
FN:10,findByEmail
FN:16,findById
FN:20,findUser
FN:29,addProfil
FN:33,save
FNF:6
FNH:2
FNDA:0,findByName
FNDA:1,findByEmail
FNDA:2,findById
FNDA:0,findUser
FNDA:0,addProfil
FNDA:0,save
DA:1,1
DA:2,1
DA:3,1
DA:4,1
DA:5,0
DA:6,0
DA:7,0
DA:8,0
DA:9,1
DA:10,1
DA:11,1
DA:12,1
DA:13,1
DA:14,1
DA:15,1
DA:16,1
DA:17,2
DA:18,2
DA:19,1
DA:20,1
DA:21,0
DA:22,0
DA:23,0
DA:24,0
DA:25,0
DA:26,0
DA:27,0
DA:28,1
DA:29,1
DA:30,0
DA:31,0
DA:32,1
DA:33,1
DA:34,0
DA:35,0
DA:36,1
DA:37,1
LF:37
LH:22
BRDA:10,0,0,1
BRDA:16,1,0,2
BRF:2
BRH:2
end_of_record
TN:
SF:app\services\index.js
FNF:0
FNH:0
DA:1,1
DA:2,1
DA:3,1
DA:4,1
DA:5,1
LF:5
LH:5
BRF:0
BRH:0
end_of_record
TN:
SF:app\services\api\index.js
FNF:0
FNH:0
DA:1,1
DA:2,1
DA:3,1
DA:4,1
DA:5,1
LF:5
LH:5
BRF:0
BRH:0
end_of_record
TN:
SF:app\services\api\v1\buyService.js
FN:4,buyProduct
FN:7,createHistory
FN:10,getPurchase
FN:13,deleteSamePurchase
FNF:4
FNH:0
FNDA:0,buyProduct
FNDA:0,createHistory
FNDA:0,getPurchase
FNDA:0,deleteSamePurchase
DA:1,1
DA:2,1
DA:3,1
DA:4,1
DA:5,0
DA:6,0
DA:7,1
DA:8,0
DA:9,0
DA:10,1
DA:11,0
DA:12,0
DA:13,1
DA:14,0
DA:15,0
DA:16,1
LF:16
LH:8
BRF:0
BRH:0
end_of_record
TN:
SF:app\services\api\v1\historyService.js
FN:4,getBidProduct
FNF:1
FNH:0
FNDA:0,getBidProduct
DA:1,1
DA:2,1
DA:3,1
DA:4,1
DA:5,0
DA:6,0
DA:7,0
DA:8,0
DA:9,0
DA:10,0
DA:11,0
DA:12,0
DA:13,0
DA:14,0
DA:15,0
DA:16,0
DA:17,0
DA:18,0
DA:19,1
LF:19
LH:5
BRF:0
BRH:0
end_of_record
TN:
SF:app\services\api\v1\index.js
FNF:0
FNH:0
DA:1,1
DA:2,1
DA:3,1
DA:4,1
DA:5,1
DA:6,1
DA:7,1
DA:8,1
DA:9,1
DA:10,1
DA:11,1
LF:11
LH:11
BRF:0
BRH:0
end_of_record
TN:
SF:app\services\api\v1\productService.js
FN:4,addProduct
FN:8,listAll
FN:21,findProduct
FN:29,getByCategory
FN:42,getProductsUsers
FN:55,sortingProducts
FN:66,listProductsSold
FN:77,listProductsLike
FN:88,update
FN:92,isDeletedProducts
FNF:10
FNH:1
FNDA:0,addProduct
FNDA:0,listAll
FNDA:3,findProduct
FNDA:0,getByCategory
FNDA:0,getProductsUsers
FNDA:0,sortingProducts
FNDA:0,listProductsSold
FNDA:0,listProductsLike
FNDA:0,update
FNDA:0,isDeletedProducts
DA:1,1
DA:2,1
DA:3,1
DA:4,1
DA:5,0
DA:6,0
DA:7,1
DA:8,1
DA:9,0
DA:10,0
DA:11,0
DA:12,0
DA:13,0
DA:14,0
DA:15,0
DA:16,0
DA:17,0
DA:18,0
DA:19,0
DA:20,1
DA:21,1
DA:22,3
DA:23,3
DA:24,3
DA:25,0
DA:26,0
DA:27,3
DA:28,1
DA:29,1
DA:30,0
DA:31,0
DA:32,0
DA:33,0
DA:34,0
DA:35,0
DA:36,0
DA:37,0
DA:38,0
DA:39,0
DA:40,0
DA:41,1
DA:42,1
DA:43,0
DA:44,0
DA:45,0
DA:46,0
DA:47,0
DA:48,0
DA:49,0
DA:50,0
DA:51,0
DA:52,0
DA:53,0
DA:54,1
DA:55,1
DA:56,0
DA:57,0
DA:58,0
DA:59,0
DA:60,0
DA:61,0
DA:62,0
DA:63,0
DA:64,0
DA:65,1
DA:66,1
DA:67,0
DA:68,0
DA:69,0
DA:70,0
DA:71,0
DA:72,0
DA:73,0
DA:74,0
DA:75,0
DA:76,1
DA:77,1
DA:78,0
DA:79,0
DA:80,0
DA:81,0
DA:82,0
DA:83,0
DA:84,0
DA:85,0
DA:86,0
DA:87,1
DA:88,1
DA:89,0
DA:90,0
DA:91,1
DA:92,1
DA:93,0
DA:94,0
DA:95,1
LF:95
LH:27
BRDA:21,0,0,3
BRDA:24,1,0,0
BRF:2
BRH:1
end_of_record
TN:
SF:app\services\api\v1\userService.js
FN:8,encryptPassword
FN:17,createToken
FN:22,register
FN:39,login
FN:71,profile
FN:75,get
FN:79,getUser
FNF:7
FNH:2
FNDA:0,encryptPassword
FNDA:1,createToken
FNDA:0,register
FNDA:1,login
FNDA:0,profile
FNDA:0,get
FNDA:0,getUser
DA:1,1
DA:2,1
DA:3,1
DA:4,1
DA:5,1
DA:6,1
DA:7,1
DA:8,0
DA:9,0
DA:10,0
DA:11,0
DA:12,0
DA:13,0
DA:14,0
DA:15,0
DA:16,1
DA:17,1
DA:18,1
DA:19,1
DA:20,1
DA:21,1
DA:22,1
DA:23,0
DA:24,0
DA:25,0
DA:26,0
DA:27,0
DA:28,0
DA:29,0
DA:30,0
DA:31,0
DA:32,0
DA:33,0
DA:34,0
DA:35,0
DA:36,0
DA:37,0
DA:38,0
DA:39,1
DA:40,1
DA:41,1
DA:42,1
DA:43,1
DA:44,0
DA:45,0
DA:46,0
DA:47,0
DA:48,1
DA:49,0
DA:50,1
DA:51,0
DA:52,1
DA:53,0
DA:54,1
DA:55,0
DA:56,1
DA:57,1
DA:58,1
DA:59,1
DA:60,1
DA:61,1
DA:62,1
DA:63,1
DA:64,1
DA:65,1
DA:66,1
DA:67,0
DA:68,0
DA:69,1
DA:70,1
DA:71,1
DA:72,0
DA:73,0
DA:74,1
DA:75,1
DA:76,0
DA:77,0
DA:78,1
DA:79,1
DA:80,0
DA:81,0
DA:82,0
DA:83,0
DA:84,0
DA:85,0
DA:86,0
DA:87,0
DA:88,0
DA:89,1
LF:89
LH:42
BRDA:17,0,0,1
BRDA:39,1,0,1
BRDA:43,2,0,0
BRDA:48,3,0,0
BRDA:50,4,0,0
BRDA:52,5,0,0
BRDA:54,6,0,0
BRDA:62,7,0,0
BRDA:66,8,0,0
BRF:9
BRH:2
end_of_record
TN:
SF:config\database.js
FNF:0
FNH:0
DA:1,1
DA:2,1
DA:3,1
DA:4,1
DA:5,1
DA:6,1
DA:7,1
DA:8,1
DA:9,1
DA:10,1
DA:11,1
DA:12,1
DA:13,1
DA:14,1
DA:15,1
DA:16,1
DA:17,1
DA:18,1
DA:19,1
DA:20,1
DA:21,1
DA:22,1
DA:23,1
DA:24,1
DA:25,1
DA:26,1
DA:27,1
DA:28,1
DA:29,1
DA:30,1
DA:31,1
DA:32,1
DA:33,1
DA:34,1
DA:35,1
DA:36,1
DA:37,1
DA:38,1
DA:39,1
DA:40,1
DA:41,1
DA:42,1
DA:43,1
DA:44,1
DA:45,1
DA:46,1
DA:47,1
DA:48,1
DA:49,1
DA:50,1
DA:51,1
DA:52,1
LF:52
LH:52
BRF:0
BRH:0
end_of_record
TN:
SF:config\routes.js
FNF:0
FNH:0
DA:1,1
DA:2,1
DA:3,1
DA:4,1
DA:5,1
DA:6,1
DA:7,1
DA:8,1
DA:9,1
DA:10,1
DA:11,1
DA:12,1
DA:13,1
DA:14,1
DA:15,1
DA:16,1
DA:17,1
DA:18,1
DA:19,1
DA:20,1
DA:21,1
DA:22,1
DA:23,1
DA:24,1
DA:25,1
DA:26,1
DA:27,1
DA:28,1
DA:29,1
DA:30,1
DA:31,1
DA:32,1
DA:33,1
DA:34,1
DA:35,1
DA:36,1
DA:37,1
DA:38,1
DA:39,1
DA:40,1
DA:41,1
DA:42,1
DA:43,1
DA:44,1
DA:45,1
DA:46,1
DA:47,1
DA:48,1
DA:49,1
DA:50,1
DA:51,1
DA:52,1
DA:53,1
DA:54,1
DA:55,1
DA:56,1
DA:57,1
DA:58,1
DA:59,1
DA:60,1
DA:61,1
DA:62,1
DA:63,1
DA:64,1
DA:65,1
DA:66,1
DA:67,1
DA:68,1
DA:69,1
DA:70,1
DA:71,1
DA:72,1
DA:73,1
DA:74,1
DA:75,1
DA:76,1
DA:77,1
DA:78,1
DA:79,1
DA:80,1
DA:81,1
DA:82,1
DA:83,1
DA:84,1
DA:85,1
DA:86,1
DA:87,1
DA:88,1
DA:89,1
DA:90,1
DA:91,1
DA:92,1
DA:93,1
DA:94,1
DA:95,1
DA:96,1
DA:97,1
DA:98,1
DA:99,1
DA:100,1
DA:101,1
DA:102,1
DA:103,1
DA:104,1
DA:105,1
DA:106,1
DA:107,1
DA:108,1
DA:109,1
DA:110,1
DA:111,1
DA:112,1
DA:113,1
DA:114,1
DA:115,1
DA:116,1
DA:117,1
DA:118,1
DA:119,1
DA:120,1
DA:121,1
DA:122,1
DA:123,1
DA:124,1
DA:125,1
DA:126,1
DA:127,1
DA:128,1
DA:129,1
DA:130,1
DA:131,1
DA:132,1
DA:133,1
DA:134,1
DA:135,1
LF:135
LH:135
BRF:0
BRH:0
end_of_record
TN:
SF:library\imageKit.js
FNF:0
FNH:0
DA:1,1
DA:2,1
DA:3,1
DA:4,1
DA:5,1
DA:6,1
DA:7,1
DA:8,1
DA:9,1
LF:9
LH:9
BRF:0
BRH:0
end_of_record
